Arguments: 
  /usr/local/bin/node /usr/local/Cellar/yarn/1.22.4/libexec/bin/yarn.js start

PATH: 
  /usr/local/bin:/usr/bin:/bin:/usr/sbin:/sbin

Yarn version: 
  1.22.4

Node version: 
  12.18.0

Platform: 
  darwin x64

Trace: 
  SyntaxError: /Users/robhough1/Documents/Personal/website-2021/package.json: Unexpected token } in JSON at position 1274
      at JSON.parse (<anonymous>)
      at /usr/local/Cellar/yarn/1.22.4/libexec/lib/cli.js:1625:59
      at Generator.next (<anonymous>)
      at step (/usr/local/Cellar/yarn/1.22.4/libexec/lib/cli.js:310:30)
      at /usr/local/Cellar/yarn/1.22.4/libexec/lib/cli.js:321:13

npm manifest: 
  {
    "name": "personal-website",
    "version": "1.0.0",
    "description": "",
    "main": "index.js",
    "scripts": {
      "build:css": "env NODE_ENV=production postcss ./src/css/style.css -o ./static/style.css",    
      "build:images": "imagemin ./src/img/* -o ./static/img",
      "build:11ty": "eleventy",
      "build": "run-s build:css build:images build:11ty",
      "start:css": "postcss ./src/css/style.css -o ./static/style.css --watch",    
      "start:11ty": "eleventy --serve",
      "start": "run-p start:css start:11ty",
      "debug": "DEBUG=* eleventy"
    },
    "keywords": [],
    "author": "",
    "browserslist": [
      ">0.3%",
      "not ie 11",
      "not dead",
      "not op_mini all"
    ],
    "license": "ISC",
    "devDependencies": {
      "@11ty/eleventy": "^0.10.0",
      "@babel/cli": "^7.8.4",
      "@babel/core": "^7.9.0",
      "@babel/register": "^7.9.0",
      "autoprefixer": "^9.7.6",
      "babel-cli": "^6.26.0",
      "babel-preset-env": "^1.7.0",
      "babel-preset-minify": "^0.5.1",
      "cssnano": "^4.1.10",
      "imagemin-cli": "^5.1.0",
      "npm-run-all": "^4.1.5",
      "postcss-cli": "^6.0.23",
      "postcss-import": "^12.0.1",
      "precss": "^4.0.0"    
    },
    "dependencies": {
      "luxon": "^1.23.0",
      "markdown-it": "^10.0.0",
      "markdown-it-anchor": "^5.2.7",    
    }
  }

yarn manifest: 
  No manifest

Lockfile: 
  No lockfile
